  已复制         1 个文件。
  Camera.cpp
  CommonTexture.cpp
  ConstantBuffer.cpp
  DepthTexture.cpp
  DescriptorPool.cpp
  Display.cpp
  FrameConstBuffer.cpp
  GBuffer.cpp
  Game.cpp
  HeapManager.cpp
  IndexBuffer.cpp
  Input.cpp
  Main.cpp
  Material.cpp
  MaterialPool.cpp
  Mesh.cpp
  PSO.cpp
  RenderTexture.cpp
  Renderer.cpp
  SSAO.cpp
  Generating Code...
  Compiling...
  Shader.cpp
  ShaderPool.cpp
  Shadow.cpp
  Texture.cpp
  TexturePool.cpp
  VertexBuffer.cpp
  Generating Code...
  DX12Renderer.vcxproj -> D:\VS2019项目文件\C++\DX12Renderer\DX12Renderer\DX12Renderer.exe
