d:\vs2019项目文件\c++\dx12renderer\dx12renderer\x64\debug\vc142.pdb
d:\vs2019项目文件\c++\dx12renderer\dx12renderer\x64\debug\vc142.idb
d:\vs2019项目文件\c++\dx12renderer\dx12renderer\x64\debug\meshpool.obj
d:\vs2019项目文件\c++\dx12renderer\dx12renderer\x64\debug\mesh.obj
d:\vs2019项目文件\c++\dx12renderer\dx12renderer\x64\debug\mathhelper.obj
d:\vs2019项目文件\c++\dx12renderer\dx12renderer\x64\debug\materialpool.obj
d:\vs2019项目文件\c++\dx12renderer\dx12renderer\x64\debug\main.obj
d:\vs2019项目文件\c++\dx12renderer\dx12renderer\x64\debug\itexture.obj
d:\vs2019项目文件\c++\dx12renderer\dx12renderer\x64\debug\input.obj
d:\vs2019项目文件\c++\dx12renderer\dx12renderer\x64\debug\imesh.obj
d:\vs2019项目文件\c++\dx12renderer\dx12renderer\x64\debug\heapresourcemanager.obj
d:\vs2019项目文件\c++\dx12renderer\dx12renderer\x64\debug\generalmesh.obj
d:\vs2019项目文件\c++\dx12renderer\dx12renderer\x64\debug\gametimer.obj
d:\vs2019项目文件\c++\dx12renderer\dx12renderer\x64\debug\display.obj
d:\vs2019项目文件\c++\dx12renderer\dx12renderer\x64\debug\descriptorpool.obj
d:\vs2019项目文件\c++\dx12renderer\dx12renderer\x64\debug\depthtexture.obj
d:\vs2019项目文件\c++\dx12renderer\dx12renderer\x64\debug\defaultpso.obj
d:\vs2019项目文件\c++\dx12renderer\dx12renderer\x64\debug\ddstextureloader12.obj
d:\vs2019项目文件\c++\dx12renderer\dx12renderer\x64\debug\constbufferpool.obj
d:\vs2019项目文件\c++\dx12renderer\dx12renderer\x64\debug\commond.obj
d:\vs2019项目文件\c++\dx12renderer\dx12renderer\x64\debug\camera.obj
d:\vs2019项目文件\c++\dx12renderer\dx12renderer\x64\debug\texturepool.obj
d:\vs2019项目文件\c++\dx12renderer\dx12renderer\x64\debug\texture.obj
d:\vs2019项目文件\c++\dx12renderer\dx12renderer\x64\debug\swapchain.obj
d:\vs2019项目文件\c++\dx12renderer\dx12renderer\x64\debug\shadowmappso.obj
d:\vs2019项目文件\c++\dx12renderer\dx12renderer\x64\debug\shadowmap.obj
d:\vs2019项目文件\c++\dx12renderer\dx12renderer\x64\debug\rootsignature.obj
d:\vs2019项目文件\c++\dx12renderer\dx12renderer\x64\debug\rendertexture.obj
d:\vs2019项目文件\c++\dx12renderer\dx12renderer\x64\debug\renderobject.obj
d:\vs2019项目文件\c++\dx12renderer\dx12renderer\x64\debug\renderer.obj
d:\vs2019项目文件\c++\dx12renderer\dx12renderer\x64\debug\psopool.obj
d:\vs2019项目文件\c++\dx12renderer\dx12renderer\x64\debug\passpool.obj
d:\vs2019项目文件\c++\dx12renderer\dx12renderer\x64\debug\pass.obj
d:\vs2019项目文件\c++\dx12renderer\dx12renderer\x64\debug\dx12renderer.tlog\cl.command.1.tlog
d:\vs2019项目文件\c++\dx12renderer\dx12renderer\x64\debug\dx12renderer.tlog\cl.read.1.tlog
d:\vs2019项目文件\c++\dx12renderer\dx12renderer\x64\debug\dx12renderer.tlog\cl.write.1.tlog
